
BEST NEURON:0
IN:  1 1 1 1 0 0 1 0 0 1 0 0 1 1 1 
OUT: 1 1 1 1 0 0 1 0 0 1 0 0 1 1 1 

Top Down weights:
1 1 1 1 0 0 1 0 0 1 0 0 1 1 1 

Bottom up weights:
0.200000 0.200000 0.200000 0.200000 0.000000 0.000000 0.200000 0.000000 0.000000 0.200000 0.000000 0.000000 0.200000 0.200000 0.200000 

BEST NEURON:1
IN:  0 1 0 0 1 0 0 1 0 0 1 0 0 1 0 
OUT: 0 1 0 0 1 0 0 1 0 0 1 0 0 1 0 

Top Down weights:
1 1 1 1 0 0 1 0 0 1 0 0 1 1 1 
0 1 0 0 1 0 0 1 0 0 1 0 0 1 0 

Bottom up weights:
0.200000 0.200000 0.200000 0.200000 0.000000 0.000000 0.200000 0.000000 0.000000 0.200000 0.000000 0.000000 0.200000 0.200000 0.200000 
0.000000 0.333333 0.000000 0.000000 0.333333 0.000000 0.000000 0.333333 0.000000 0.000000 0.333333 0.000000 0.000000 0.333333 0.000000 

BEST NEURON:0
IN:  1 0 1 1 0 1 1 1 1 1 0 1 1 0 1 
OUT: 1 0 1 1 0 0 1 0 0 1 0 0 1 0 1 

Top Down weights:
1 0 1 1 0 0 1 0 0 1 0 0 1 0 1 
0 1 0 0 1 0 0 1 0 0 1 0 0 1 0 

Bottom up weights:
0.250000 0.000000 0.250000 0.250000 0.000000 0.000000 0.250000 0.000000 0.000000 0.250000 0.000000 0.000000 0.250000 0.000000 0.250000 
0.000000 0.333333 0.000000 0.000000 0.333333 0.000000 0.000000 0.333333 0.000000 0.000000 0.333333 0.000000 0.000000 0.333333 0.000000 

BEST NEURON:2
IN:  0 1 0 1 0 1 1 0 1 1 0 1 0 1 0 
OUT: 0 1 0 1 0 1 1 0 1 1 0 1 0 1 0 

Top Down weights:
1 0 1 1 0 0 1 0 0 1 0 0 1 0 1 
0 1 0 0 1 0 0 1 0 0 1 0 0 1 0 
0 1 0 1 0 1 1 0 1 1 0 1 0 1 0 

Bottom up weights:
0.250000 0.000000 0.250000 0.250000 0.000000 0.000000 0.250000 0.000000 0.000000 0.250000 0.000000 0.000000 0.250000 0.000000 0.250000 
0.000000 0.333333 0.000000 0.000000 0.333333 0.000000 0.000000 0.333333 0.000000 0.000000 0.333333 0.000000 0.000000 0.333333 0.000000 
0.000000 0.222222 0.000000 0.222222 0.000000 0.222222 0.222222 0.000000 0.222222 0.222222 0.000000 0.222222 0.000000 0.222222 0.000000 

BEST NEURON:0
IN:  1 1 1 1 0 1 1 0 0 1 0 0 1 1 1 
OUT: 1 0 1 1 0 0 1 0 0 1 0 0 1 0 1 

Top Down weights:
1 0 1 1 0 0 1 0 0 1 0 0 1 0 1 
0 1 0 0 1 0 0 1 0 0 1 0 0 1 0 
0 1 0 1 0 1 1 0 1 1 0 1 0 1 0 

Bottom up weights:
0.250000 0.000000 0.250000 0.250000 0.000000 0.000000 0.250000 0.000000 0.000000 0.250000 0.000000 0.000000 0.250000 0.000000 0.250000 
0.000000 0.333333 0.000000 0.000000 0.333333 0.000000 0.000000 0.333333 0.000000 0.000000 0.333333 0.000000 0.000000 0.333333 0.000000 
0.000000 0.222222 0.000000 0.222222 0.000000 0.222222 0.222222 0.000000 0.222222 0.222222 0.000000 0.222222 0.000000 0.222222 0.000000 

BEST NEURON:0
IN:  0 1 1 1 0 0 1 0 0 1 0 0 0 1 1 
OUT: 0 0 1 1 0 0 1 0 0 1 0 0 0 0 1 

Top Down weights:
0 0 1 1 0 0 1 0 0 1 0 0 0 0 1 
0 1 0 0 1 0 0 1 0 0 1 0 0 1 0 
0 1 0 1 0 1 1 0 1 1 0 1 0 1 0 

Bottom up weights:
0.000000 0.000000 0.333333 0.333333 0.000000 0.000000 0.333333 0.000000 0.000000 0.333333 0.000000 0.000000 0.000000 0.000000 0.333333 
0.000000 0.333333 0.000000 0.000000 0.333333 0.000000 0.000000 0.333333 0.000000 0.000000 0.333333 0.000000 0.000000 0.333333 0.000000 
0.000000 0.222222 0.000000 0.222222 0.000000 0.222222 0.222222 0.000000 0.222222 0.222222 0.000000 0.222222 0.000000 0.222222 0.000000 
