已經開始建置於 2016/7/5 下午 09:36:00。
     1>節點 2 (Build 目標) 上的專案 "C:\Users\jash\Desktop\QRGenerator\QRGenerator\QRGenerator\QRGenerator.vcxproj"。
     1>ClCompile:
         C:\Program Files (x86)\Microsoft Visual Studio 11.0\VC\bin\CL.exe /c /ILibQREncode /ZI /nologo /W3 /WX- /Od /Oy- /D WIN32 /D _DEBUG /D _LIB /D HAVE_CONFIG_H /D _CONSOLE /D _UNICODE /D UNICODE /Gm /EHsc /RTC1 /MDd /GS /fp:precise /Zc:wchar_t /Zc:forScope /Fo"Debug\\" /Fd"Debug\vc110.pdb" /Gd /TP /analyze- /errorReport:prompt QRGenerator.cpp
         QRGenerator.cpp
       Link:
         C:\Program Files (x86)\Microsoft Visual Studio 11.0\VC\bin\link.exe /ERRORREPORT:PROMPT /OUT:"C:\Users\jash\Desktop\QRGenerator\QRGenerator\Debug\QRGenerator.exe" /INCREMENTAL /NOLOGO kernel32.lib user32.lib gdi32.lib winspool.lib comdlg32.lib advapi32.lib shell32.lib ole32.lib oleaut32.lib uuid.lib odbc32.lib odbccp32.lib /MANIFEST /MANIFESTUAC:"level='asInvoker' uiAccess='false'" /manifest:embed /DEBUG /PDB:"C:\Users\jash\Desktop\QRGenerator\QRGenerator\Debug\QRGenerator.pdb" /SUBSYSTEM:CONSOLE /TLBID:1 /DYNAMICBASE /NXCOMPAT /IMPLIB:"C:\Users\jash\Desktop\QRGenerator\QRGenerator\Debug\QRGenerator.lib" /MACHINE:X86 /SAFESEH Debug\bitstream.obj
         Debug\mask.obj
         Debug\mmask.obj
         Debug\mqrspec.obj
         Debug\qrencode.obj
         Debug\QRGenerator.obj
         Debug\qrinput.obj
         Debug\qrspec.obj
         Debug\rscode.obj
         Debug\split.obj
         Debug\stdafx.obj
         QRGenerator.vcxproj -> C:\Users\jash\Desktop\QRGenerator\QRGenerator\Debug\QRGenerator.exe
     1>專案 "C:\Users\jash\Desktop\QRGenerator\QRGenerator\QRGenerator\QRGenerator.vcxproj" (Build 目標) 建置完成。

建置成功。

經過時間 00:00:00.39
